0 info it worked if it ends with ok
1 verbose cli [ 'node', '/usr/local/bin/npm', 'install', 'bodyParser' ]
2 info using npm@1.1.59
3 info using node@v0.8.8
4 verbose read json /Users/vaishaal/package.json
5 verbose read json /Users/vaishaal/node_modules/express/package.json
6 verbose read json /Users/vaishaal/node_modules/nodeunit/package.json
7 verbose read json /Users/vaishaal/node_modules/querystring/package.json
8 verbose read json /Users/vaishaal/node_modules/socket.io/package.json
9 verbose read json /Users/vaishaal/node_modules/util/package.json
10 verbose read json /Users/vaishaal/package.json
11 verbose cache add [ 'bodyParser', null ]
12 silly cache add name=undefined spec="bodyParser" args=["bodyParser",null]
13 verbose parsed url { pathname: 'bodyParser',
13 verbose parsed url   path: 'bodyParser',
13 verbose parsed url   href: 'bodyParser' }
14 silly lockFile caa4c3c7-bodyParser bodyParser
15 verbose lock bodyParser /Users/vaishaal/.npm/caa4c3c7-bodyParser.lock
16 silly lockFile caa4c3c7-bodyParser bodyParser
17 verbose addNamed [ 'bodyParser', '' ]
18 verbose addNamed [ null, '' ]
19 silly lockFile e0b6bd45-bodyParser bodyParser@
20 verbose lock bodyParser@ /Users/vaishaal/.npm/e0b6bd45-bodyParser.lock
21 silly addNameRange { name: 'bodyParser', range: '', hasData: false }
22 verbose url raw bodyParser
23 verbose url resolving [ 'https://registry.npmjs.org/', './bodyParser' ]
24 verbose url resolved https://registry.npmjs.org/bodyParser
25 info retry registry request attempt 1 at 10:55:04
26 http GET https://registry.npmjs.org/bodyParser
27 http 404 https://registry.npmjs.org/bodyParser
28 silly registry.get cb [ 404,
28 silly registry.get   { server: 'CouchDB/1.2.1 (Erlang OTP/R15B)',
28 silly registry.get     date: 'Sat, 26 Jan 2013 18:53:25 GMT',
28 silly registry.get     'content-type': 'application/json',
28 silly registry.get     'content-length': '52',
28 silly registry.get     'cache-control': 'must-revalidate' } ]
29 silly lockFile e0b6bd45-bodyParser bodyParser@
30 error 404 'bodyParser' is not in the npm registry.
30 error 404 You should bug the author to publish it
30 error 404
30 error 404 Note that you can also install from a
30 error 404 tarball, folder, or http url, or git url.
31 error System Darwin 11.4.2
32 error command "node" "/usr/local/bin/npm" "install" "bodyParser"
33 error cwd /Users/vaishaal/Inventory
34 error node -v v0.8.8
35 error npm -v 1.1.59
36 error code E404
37 verbose exit [ 1, true ]
